

Terminals which are not used:

   SPACE
   TAB
   NEWLINE
   COMMA
   LPAREN
   RPAREN
   ANY_OTHER_THING



Grammar
rule 1    program -> TEMP

Terminals, with rules where they appear

$ (-1)
error (256)
TEMP (258) 1
SPACE (259)
TAB (260)
NEWLINE (261)
COMMA (262)
LPAREN (263)
RPAREN (264)
ANY_OTHER_THING (265)

Nonterminals, with rules where they appear

program (11)
    on left: 1


state 0

    TEMP	shift, and go to state 1

    program	go to state 2



state 1

    program  ->  TEMP .   (rule 1)

    $default	reduce using rule 1 (program)



state 2

    $   	go to state 3



state 3

    $   	go to state 4



state 4

    $default	accept
